<?xml version="1.0" encoding="UTF-8"?>
<!-- Generated by org.testng.reporters.JUnitReportReporter -->
<testsuite hostname="MACYW42SLPC4666" failures="0" tests="10" name="tests.PimHrmTestcases" time="78.764" errors="1" timestamp="2023-02-16T11:49:27 IST" skipped="0">
  <testcase classname="tests.PimHrmTestcases" name="launch" time="47.744"/>
  <system-out/>
  <testcase classname="tests.PimHrmTestcases" name="login" time="2.995"/>
  <system-out/>
  <testcase classname="tests.PimHrmTestcases" name="clickPimAction" time="6.665"/>
  <system-out/>
  <testcase classname="tests.PimHrmTestcases" name="clickAddPageAction" time="2.998"/>
  <system-out/>
  <testcase classname="tests.PimHrmTestcases" name="AddPageAction" time="0.875"/>
  <system-out/>
  <testcase classname="tests.PimHrmTestcases" name="scrolling" time="6.026"/>
  <system-out/>
  <testcase classname="tests.PimHrmTestcases" name="DropdownAction" time="2.975"/>
  <system-out/>
  <testcase classname="tests.PimHrmTestcases" name="SelectData" time="4.518"/>
  <system-out/>
  <testcase classname="tests.PimHrmTestcases" name="PersonalGenderSmoker" time="2.204">
    <error message="Expected condition failed: waiting for element to be clickable: [[EdgeDriver: msedge on WINDOWS (0ec3bcf3bb8d92075e3d290d79e5bf34)] -&gt; xpath: //div[@class=&#039;oxd-input-group oxd-input-field-bottom-space&#039;][1]/div[2]/div[@class=&#039;oxd-checkbox-wrapper&#039;]/label/input] (tried for 2 second(s) with 2000 milliseconds interval)
Build info: version: &#039;4.6.0&#039;, revision: &#039;79f1c02ae20&#039;
System info: os.name: &#039;Windows 10&#039;, os.arch: &#039;amd64&#039;, os.version: &#039;10.0&#039;, java.version: &#039;11.0.10&#039;
Driver info: driver.version: unknown" type="org.openqa.selenium.TimeoutException">
      <![CDATA[org.openqa.selenium.TimeoutException: Expected condition failed: waiting for element to be clickable: [[EdgeDriver: msedge on WINDOWS (0ec3bcf3bb8d92075e3d290d79e5bf34)] -> xpath: //div[@class='oxd-input-group oxd-input-field-bottom-space'][1]/div[2]/div[@class='oxd-checkbox-wrapper']/label/input] (tried for 2 second(s) with 2000 milliseconds interval)
Build info: version: '4.6.0', revision: '79f1c02ae20'
System info: os.name: 'Windows 10', os.arch: 'amd64', os.version: '10.0', java.version: '11.0.10'
Driver info: driver.version: unknown
at org.openqa.selenium.support.ui.FluentWait.timeoutException(FluentWait.java:263)
at org.openqa.selenium.support.ui.FluentWait.until(FluentWait.java:231)
at utils.selenium.CommonActions.clickingOnWebElement(CommonActions.java:62)
at page.AddEmployeeForHrmPage.SelectCheckboxAndSave(AddEmployeeForHrmPage.java:156)
at tests.PimHrmTestcases.PersonalGenderSmoker(PimHrmTestcases.java:100)
at java.base/jdk.internal.reflect.NativeMethodAccessorImpl.invoke0(Native Method)
at java.base/jdk.internal.reflect.NativeMethodAccessorImpl.invoke(NativeMethodAccessorImpl.java:62)
at java.base/jdk.internal.reflect.DelegatingMethodAccessorImpl.invoke(DelegatingMethodAccessorImpl.java:43)
at java.base/java.lang.reflect.Method.invoke(Method.java:566)
at org.testng.internal.invokers.MethodInvocationHelper.invokeMethod(MethodInvocationHelper.java:139)
at org.testng.internal.invokers.TestInvoker.invokeMethod(TestInvoker.java:677)
at org.testng.internal.invokers.TestInvoker.invokeTestMethod(TestInvoker.java:221)
at org.testng.internal.invokers.MethodRunner.runInSequence(MethodRunner.java:50)
at org.testng.internal.invokers.TestInvoker$MethodInvocationAgent.invoke(TestInvoker.java:962)
at org.testng.internal.invokers.TestInvoker.invokeTestMethods(TestInvoker.java:194)
at org.testng.internal.invokers.TestMethodWorker.invokeTestMethods(TestMethodWorker.java:148)
at org.testng.internal.invokers.TestMethodWorker.run(TestMethodWorker.java:128)
at java.base/java.util.ArrayList.forEach(ArrayList.java:1541)
at org.testng.TestRunner.privateRun(TestRunner.java:806)
at org.testng.TestRunner.run(TestRunner.java:601)
at org.testng.SuiteRunner.runTest(SuiteRunner.java:433)
at org.testng.SuiteRunner.runSequentially(SuiteRunner.java:427)
at org.testng.SuiteRunner.privateRun(SuiteRunner.java:387)
at org.testng.SuiteRunner.run(SuiteRunner.java:330)
at org.testng.SuiteRunnerWorker.runSuite(SuiteRunnerWorker.java:52)
at org.testng.SuiteRunnerWorker.run(SuiteRunnerWorker.java:95)
at org.testng.TestNG.runSuitesSequentially(TestNG.java:1256)
at org.testng.TestNG.runSuitesLocally(TestNG.java:1176)
at org.testng.TestNG.runSuites(TestNG.java:1099)
at org.testng.TestNG.run(TestNG.java:1067)
at tests.ExcelTestRunner.main(ExcelTestRunner.java:58)
]]>
    </error>
  </testcase> <!-- PersonalGenderSmoker -->
  <system-out/>
  <testcase classname="tests.PimHrmTestcases" name="quit" time="1.764"/>
  <system-out/>
</testsuite> <!-- tests.PimHrmTestcases -->
