<html>
<head>
<title>TestNG:  Dynamic Test</title>
<link href="../testng.css" rel="stylesheet" type="text/css" />
<link href="../my-testng.css" rel="stylesheet" type="text/css" />

<style type="text/css">
.log { display: none;} 
.stack-trace { display: none;} 
</style>
<script type="text/javascript">
<!--
function flip(e) {
  current = e.style.display;
  if (current == 'block') {
    e.style.display = 'none';
    return 0;
  }
  else {
    e.style.display = 'block';
    return 1;
  }
}

function toggleBox(szDivId, elem, msg1, msg2)
{
  var res = -1;  if (document.getElementById) {
    res = flip(document.getElementById(szDivId));
  }
  else if (document.all) {
    // this is the way old msie versions work
    res = flip(document.all[szDivId]);
  }
  if(elem) {
    if(res == 0) elem.innerHTML = msg1; else elem.innerHTML = msg2;
  }

}

function toggleAllBoxes() {
  if (document.getElementsByTagName) {
    d = document.getElementsByTagName('div');
    for (i = 0; i < d.length; i++) {
      if (d[i].className == 'log') {
        flip(d[i]);
      }
    }
  }
}

// -->
</script>

</head>
<body>
<h2 align='center'>Dynamic Test</h2><table border='1' align="center">
<tr>
<td>Tests passed/Failed/Skipped:</td><td>9/2/0</td>
</tr><tr>
<td>Started on:</td><td>Tue Feb 14 16:29:26 IST 2023</td>
</tr>
<tr><td>Total time:</td><td>91 seconds (91099 ms)</td>
</tr><tr>
<td>Included groups:</td><td></td>
</tr><tr>
<td>Excluded groups:</td><td></td>
</tr>
</table><p/>
<small><i>(Hover the method name to see the test class name)</i></small><p/>
<table width='100%' border='1' class='invocation-failed'>
<tr><td colspan='4' align='center'><b>FAILED TESTS</b></td></tr>
<tr><td><b>Test method</b></td>
<td width="30%"><b>Exception</b></td>
<td width="10%"><b>Time (seconds)</b></td>
<td><b>Instance</b></td>
</tr>
<tr>
<td title='tests.PimHrmTestcases.PersonalGenderSmoker()'><b>PersonalGenderSmoker</b><br>Test class: tests.PimHrmTestcases</td>
<td><div><pre>org.openqa.selenium.TimeoutException: Expected condition failed: waiting for element to be clickable: [[EdgeDriver: msedge on WINDOWS (02078924d4d20dcfdf6b661e8a08b4e9)] -&gt; xpath: //div[@class=&apos;oxd-input-group oxd-input-field-bottom-space&apos;][1]/div[2]/div[@class=&apos;oxd-checkbox-wrapper&apos;]/label/input] (tried for 8 second(s) with 2000 milliseconds interval)
Build info: version: &apos;4.6.0&apos;, revision: &apos;79f1c02ae20&apos;
System info: os.name: &apos;Windows 10&apos;, os.arch: &apos;amd64&apos;, os.version: &apos;10.0&apos;, java.version: &apos;1.8.0_91&apos;
Driver info: driver.version: unknown
	at org.openqa.selenium.support.ui.FluentWait.timeoutException(FluentWait.java:263)
	at org.openqa.selenium.support.ui.FluentWait.until(FluentWait.java:231)
	at utils.CommonActions.clickingOnWebElement(CommonActions.java:62)
	at page.AddEmployeeForHrmPage.SelectCheckboxAndSave(AddEmployeeForHrmPage.java:156)
	at tests.PimHrmTestcases.PersonalGenderSmoker(PimHrmTestcases.java:100)
	at java.util.concurrent.ThreadPoolExecutor.runWorker(ThreadPoolExecutor.java:1142)
	at java.util.concurrent.ThreadPoolExecutor$Worker.run(ThreadPoolExecutor.java:617)
	at java.lang.Thread.run(Thread.java:745)
... Removed 12 stack frames</pre></div><a href='#' onClick='toggleBox("stack-trace1711439859", this, "Click to show all stack frames", "Click to hide stack frames")'>Click to show all stack frames</a>
<div class='stack-trace' id='stack-trace1711439859'><pre>org.openqa.selenium.TimeoutException: Expected condition failed: waiting for element to be clickable: [[EdgeDriver: msedge on WINDOWS (02078924d4d20dcfdf6b661e8a08b4e9)] -&gt; xpath: //div[@class=&apos;oxd-input-group oxd-input-field-bottom-space&apos;][1]/div[2]/div[@class=&apos;oxd-checkbox-wrapper&apos;]/label/input] (tried for 8 second(s) with 2000 milliseconds interval)
Build info: version: &apos;4.6.0&apos;, revision: &apos;79f1c02ae20&apos;
System info: os.name: &apos;Windows 10&apos;, os.arch: &apos;amd64&apos;, os.version: &apos;10.0&apos;, java.version: &apos;1.8.0_91&apos;
Driver info: driver.version: unknown
	at org.openqa.selenium.support.ui.FluentWait.timeoutException(FluentWait.java:263)
	at org.openqa.selenium.support.ui.FluentWait.until(FluentWait.java:231)
	at utils.CommonActions.clickingOnWebElement(CommonActions.java:62)
	at page.AddEmployeeForHrmPage.SelectCheckboxAndSave(AddEmployeeForHrmPage.java:156)
	at tests.PimHrmTestcases.PersonalGenderSmoker(PimHrmTestcases.java:100)
	at sun.reflect.NativeMethodAccessorImpl.invoke0(Native Method)
	at sun.reflect.NativeMethodAccessorImpl.invoke(NativeMethodAccessorImpl.java:62)
	at sun.reflect.DelegatingMethodAccessorImpl.invoke(DelegatingMethodAccessorImpl.java:43)
	at java.lang.reflect.Method.invoke(Method.java:498)
	at org.testng.internal.invokers.MethodInvocationHelper.invokeMethod(MethodInvocationHelper.java:135)
	at org.testng.internal.invokers.TestInvoker.invokeMethod(TestInvoker.java:673)
	at org.testng.internal.invokers.TestInvoker.invokeTestMethod(TestInvoker.java:220)
	at org.testng.internal.invokers.MethodRunner.runInSequence(MethodRunner.java:50)
	at org.testng.internal.invokers.TestInvoker$MethodInvocationAgent.invoke(TestInvoker.java:945)
	at org.testng.internal.invokers.TestInvoker.invokeTestMethods(TestInvoker.java:193)
	at org.testng.internal.invokers.TestMethodWorker.invokeTestMethods(TestMethodWorker.java:146)
	at org.testng.internal.invokers.TestMethodWorker.run(TestMethodWorker.java:128)
	at java.util.concurrent.ThreadPoolExecutor.runWorker(ThreadPoolExecutor.java:1142)
	at java.util.concurrent.ThreadPoolExecutor$Worker.run(ThreadPoolExecutor.java:617)
	at java.lang.Thread.run(Thread.java:745)
</pre></div></td>
<td>8</td>
<td>tests.PimHrmTestcases@a87f8ec</td></tr>
<tr>
<td title='tests.SnapdealScenariosTest.BluetoothItemWithEdgeBrowser()'><b>BluetoothItemWithEdgeBrowser</b><br>Test class: tests.SnapdealScenariosTest<br>Parameters: Bluetooth Headphone</td>
<td><div><pre>java.lang.NullPointerException
	at utils.Log.info1(Log.java:51)
	at tests.SnapdealScenariosTest.BluetoothItemWithEdgeBrowser(SnapdealScenariosTest.java:125)
	at java.util.concurrent.FutureTask.run(FutureTask.java:266)
	at java.util.concurrent.Executors$RunnableAdapter.call(Executors.java:511)
	at java.util.concurrent.FutureTask.run(FutureTask.java:266)
	at java.util.concurrent.ThreadPoolExecutor.runWorker(ThreadPoolExecutor.java:1142)
	at java.util.concurrent.ThreadPoolExecutor$Worker.run(ThreadPoolExecutor.java:617)
	at java.lang.Thread.run(Thread.java:745)
... Removed 9 stack frames</pre></div><a href='#' onClick='toggleBox("stack-trace20721918", this, "Click to show all stack frames", "Click to hide stack frames")'>Click to show all stack frames</a>
<div class='stack-trace' id='stack-trace20721918'><pre>java.lang.NullPointerException
	at utils.Log.info1(Log.java:51)
	at tests.SnapdealScenariosTest.BluetoothItemWithEdgeBrowser(SnapdealScenariosTest.java:125)
	at sun.reflect.NativeMethodAccessorImpl.invoke0(Native Method)
	at sun.reflect.NativeMethodAccessorImpl.invoke(NativeMethodAccessorImpl.java:62)
	at sun.reflect.DelegatingMethodAccessorImpl.invoke(DelegatingMethodAccessorImpl.java:43)
	at java.lang.reflect.Method.invoke(Method.java:498)
	at org.testng.internal.invokers.MethodInvocationHelper.invokeMethod(MethodInvocationHelper.java:135)
	at org.testng.internal.invokers.TestInvoker.invokeMethod(TestInvoker.java:673)
	at org.testng.internal.invokers.TestInvoker.invokeTestMethod(TestInvoker.java:220)
	at org.testng.internal.invokers.TestMethodWithDataProviderMethodWorker.call(TestMethodWithDataProviderMethodWorker.java:80)
	at org.testng.internal.invokers.TestMethodWithDataProviderMethodWorker.call(TestMethodWithDataProviderMethodWorker.java:17)
	at java.util.concurrent.FutureTask.run(FutureTask.java:266)
	at java.util.concurrent.Executors$RunnableAdapter.call(Executors.java:511)
	at java.util.concurrent.FutureTask.run(FutureTask.java:266)
	at java.util.concurrent.ThreadPoolExecutor.runWorker(ThreadPoolExecutor.java:1142)
	at java.util.concurrent.ThreadPoolExecutor$Worker.run(ThreadPoolExecutor.java:617)
	at java.lang.Thread.run(Thread.java:745)
</pre></div></td>
<td>71</td>
<td>tests.SnapdealScenariosTest@344f4dea</td></tr>
</table><p>
<table width='100%' border='1' class='invocation-passed'>
<tr><td colspan='4' align='center'><b>PASSED TESTS</b></td></tr>
<tr><td><b>Test method</b></td>
<td width="30%"><b>Exception</b></td>
<td width="10%"><b>Time (seconds)</b></td>
<td><b>Instance</b></td>
</tr>
<tr>
<td title='tests.PimHrmTestcases.quit()'><b>quit</b><br>Test class: tests.PimHrmTestcases</td>
<td></td>
<td>1</td>
<td>tests.PimHrmTestcases@a87f8ec</td></tr>
<tr>
<td title='tests.PimHrmTestcases.clickPimAction()'><b>clickPimAction</b><br>Test class: tests.PimHrmTestcases</td>
<td></td>
<td>5</td>
<td>tests.PimHrmTestcases@a87f8ec</td></tr>
<tr>
<td title='tests.PimHrmTestcases.AddPageAction()'><b>AddPageAction</b><br>Test class: tests.PimHrmTestcases</td>
<td></td>
<td>0</td>
<td>tests.PimHrmTestcases@a87f8ec</td></tr>
<tr>
<td title='tests.PimHrmTestcases.scrolling()'><b>scrolling</b><br>Test class: tests.PimHrmTestcases</td>
<td></td>
<td>6</td>
<td>tests.PimHrmTestcases@a87f8ec</td></tr>
<tr>
<td title='tests.PimHrmTestcases.launch()'><b>launch</b><br>Test class: tests.PimHrmTestcases</td>
<td></td>
<td>12</td>
<td>tests.PimHrmTestcases@a87f8ec</td></tr>
<tr>
<td title='tests.PimHrmTestcases.DropdownAction()'><b>DropdownAction</b><br>Test class: tests.PimHrmTestcases</td>
<td></td>
<td>2</td>
<td>tests.PimHrmTestcases@a87f8ec</td></tr>
<tr>
<td title='tests.PimHrmTestcases.SelectData()'><b>SelectData</b><br>Test class: tests.PimHrmTestcases</td>
<td></td>
<td>4</td>
<td>tests.PimHrmTestcases@a87f8ec</td></tr>
<tr>
<td title='tests.PimHrmTestcases.login()'><b>login</b><br>Test class: tests.PimHrmTestcases</td>
<td></td>
<td>1</td>
<td>tests.PimHrmTestcases@a87f8ec</td></tr>
<tr>
<td title='tests.PimHrmTestcases.clickAddPageAction()'><b>clickAddPageAction</b><br>Test class: tests.PimHrmTestcases</td>
<td></td>
<td>2</td>
<td>tests.PimHrmTestcases@a87f8ec</td></tr>
</table><p>
</body>
</html>