<?xml version="1.0" encoding="UTF-8"?>
<!-- Generated by org.testng.reporters.JUnitXMLReporter -->
<testsuite ignored="0" hostname="MACYW42SLPC4666" failures="2" tests="11" name="Dynamic Test" time="149.76" errors="0" timestamp="2023-02-16T11:49:27 IST">
  <testcase classname="tests.PimHrmTestcases" name="launch" time="47.744"/>
  <testcase classname="tests.PimHrmTestcases" name="login" time="2.995"/>
  <testcase classname="tests.PimHrmTestcases" name="clickPimAction" time="6.665"/>
  <testcase classname="tests.PimHrmTestcases" name="clickAddPageAction" time="2.998"/>
  <testcase classname="tests.PimHrmTestcases" name="AddPageAction" time="0.875"/>
  <testcase classname="tests.PimHrmTestcases" name="scrolling" time="6.026"/>
  <testcase classname="tests.PimHrmTestcases" name="DropdownAction" time="2.975"/>
  <testcase classname="tests.PimHrmTestcases" name="SelectData" time="4.518"/>
  <testcase classname="tests.PimHrmTestcases" name="PersonalGenderSmoker" time="2.204">
    <failure type="org.openqa.selenium.TimeoutException" message="Expected condition failed: waiting for element to be clickable: [[EdgeDriver: msedge on WINDOWS (0ec3bcf3bb8d92075e3d290d79e5bf34)] -&amp;gt; xpath: //div[@class=&amp;apos;oxd-input-group oxd-input-field-bottom-space&amp;apos;][1]/div[2]/div[@class=&amp;apos;oxd-checkbox-wrapper&amp;apos;]/label/input] (tried for 2 second(s) with 2000 milliseconds interval)
Build info: version: &amp;apos;4.6.0&amp;apos;, revision: &amp;apos;79f1c02ae20&amp;apos;
System info: os.name: &amp;apos;Windows 10&amp;apos;, os.arch: &amp;apos;amd64&amp;apos;, os.version: &amp;apos;10.0&amp;apos;, java.version: &amp;apos;11.0.10&amp;apos;
Driver info: driver.version: unknown">
      <![CDATA[org.openqa.selenium.TimeoutException: Expected condition failed: waiting for element to be clickable: [[EdgeDriver: msedge on WINDOWS (0ec3bcf3bb8d92075e3d290d79e5bf34)] -> xpath: //div[@class='oxd-input-group oxd-input-field-bottom-space'][1]/div[2]/div[@class='oxd-checkbox-wrapper']/label/input] (tried for 2 second(s) with 2000 milliseconds interval)
Build info: version: '4.6.0', revision: '79f1c02ae20'
System info: os.name: 'Windows 10', os.arch: 'amd64', os.version: '10.0', java.version: '11.0.10'
Driver info: driver.version: unknown
at org.openqa.selenium.support.ui.FluentWait.timeoutException(FluentWait.java:263)
at org.openqa.selenium.support.ui.FluentWait.until(FluentWait.java:231)
at utils.selenium.CommonActions.clickingOnWebElement(CommonActions.java:62)
at page.AddEmployeeForHrmPage.SelectCheckboxAndSave(AddEmployeeForHrmPage.java:156)
at tests.PimHrmTestcases.PersonalGenderSmoker(PimHrmTestcases.java:100)
at java.base/java.util.ArrayList.forEach(ArrayList.java:1541)
at tests.ExcelTestRunner.main(ExcelTestRunner.java:58)
... Removed 24 stack frames]]>
    </failure>
  </testcase> <!-- PersonalGenderSmoker -->
  <testcase classname="tests.PimHrmTestcases" name="quit" time="1.764"/>
  <testcase classname="tests.SnapdealScenariosTest" name="BluetoothItemWithEdgeBrowser" time="27.511">
    <failure type="java.lang.NullPointerException">
      <![CDATA[java.lang.NullPointerException
at utils.selenium.Log.info1(Log.java:51)
at tests.SnapdealScenariosTest.BluetoothItemWithEdgeBrowser(SnapdealScenariosTest.java:87)
at java.base/java.util.concurrent.FutureTask.run(FutureTask.java:264)
at java.base/java.util.concurrent.Executors$RunnableAdapter.call(Executors.java:515)
at java.base/java.util.concurrent.FutureTask.run(FutureTask.java:264)
at java.base/java.util.concurrent.ThreadPoolExecutor.runWorker(ThreadPoolExecutor.java:1128)
at java.base/java.util.concurrent.ThreadPoolExecutor$Worker.run(ThreadPoolExecutor.java:628)
at java.base/java.lang.Thread.run(Thread.java:834)
... Removed 9 stack frames]]>
    </failure>
  </testcase> <!-- BluetoothItemWithEdgeBrowser -->
</testsuite> <!-- Dynamic Test -->
