<?xml version="1.0" encoding="UTF-8"?>
<!-- Generated by org.testng.reporters.JUnitXMLReporter -->
<testsuite hostname="BFSIW46ZLPC1306" ignored="0" name="Test" tests="10" failures="9" timestamp="14 Feb 2023 06:58:47 GMT" time="16.688" errors="0">
  <testcase name="launch" time="10.585" classname="tests.PimHrmTestcases"/>
  <testcase name="login" time="0.034" classname="tests.PimHrmTestcases">
    <failure type="java.lang.IllegalArgumentException" message="Input must be set">
      <![CDATA[java.lang.IllegalArgumentException: Input must be set
at org.openqa.selenium.internal.Require.nonNull(Require.java:59)
at org.openqa.selenium.support.ui.FluentWait.<init>(FluentWait.java:97)
at org.openqa.selenium.support.ui.FluentWait.<init>(FluentWait.java:88)
at utils.CommonActions.sendKeysWebElement(CommonActions.java:70)
at page.LoginForHrmPage.setLogindetail(LoginForHrmPage.java:28)
at tests.PimHrmTestcases.login(PimHrmTestcases.java:43)
at java.util.concurrent.ThreadPoolExecutor.runWorker(ThreadPoolExecutor.java:1142)
at java.util.concurrent.ThreadPoolExecutor$Worker.run(ThreadPoolExecutor.java:617)
at java.lang.Thread.run(Thread.java:745)
... Removed 10 stack frames]]>
    </failure>
  </testcase> <!-- login -->
  <testcase name="clickPimAction" time="3.017" classname="tests.PimHrmTestcases">
    <failure type="java.lang.IllegalArgumentException" message="Input must be set">
      <![CDATA[java.lang.IllegalArgumentException: Input must be set
at org.openqa.selenium.internal.Require.nonNull(Require.java:59)
at org.openqa.selenium.support.ui.FluentWait.<init>(FluentWait.java:97)
at org.openqa.selenium.support.ui.FluentWait.<init>(FluentWait.java:88)
at utils.CommonActions.clickingOnWebElement(CommonActions.java:52)
at page.AddEmployeeForHrmPage.clickPIM(AddEmployeeForHrmPage.java:80)
at tests.PimHrmTestcases.clickPimAction(PimHrmTestcases.java:51)
at java.util.concurrent.ThreadPoolExecutor.runWorker(ThreadPoolExecutor.java:1142)
at java.util.concurrent.ThreadPoolExecutor$Worker.run(ThreadPoolExecutor.java:617)
at java.lang.Thread.run(Thread.java:745)
... Removed 10 stack frames]]>
    </failure>
  </testcase> <!-- clickPimAction -->
  <testcase name="clickAddPageAction" time="0.004" classname="tests.PimHrmTestcases">
    <failure type="java.lang.IllegalArgumentException" message="Input must be set">
      <![CDATA[java.lang.IllegalArgumentException: Input must be set
at org.openqa.selenium.internal.Require.nonNull(Require.java:59)
at org.openqa.selenium.support.ui.FluentWait.<init>(FluentWait.java:97)
at org.openqa.selenium.support.ui.FluentWait.<init>(FluentWait.java:88)
at utils.CommonActions.clickingOnWebElement(CommonActions.java:52)
at page.AddEmployeeForHrmPage.clickAddEmployee(AddEmployeeForHrmPage.java:85)
at tests.PimHrmTestcases.clickAddPageAction(PimHrmTestcases.java:59)
at java.util.concurrent.ThreadPoolExecutor.runWorker(ThreadPoolExecutor.java:1142)
at java.util.concurrent.ThreadPoolExecutor$Worker.run(ThreadPoolExecutor.java:617)
at java.lang.Thread.run(Thread.java:745)
... Removed 10 stack frames]]>
    </failure>
  </testcase> <!-- clickAddPageAction -->
  <testcase name="AddPageAction" time="0.004" classname="tests.PimHrmTestcases">
    <failure type="java.lang.IllegalArgumentException" message="Input must be set">
      <![CDATA[java.lang.IllegalArgumentException: Input must be set
at org.openqa.selenium.internal.Require.nonNull(Require.java:59)
at org.openqa.selenium.support.ui.FluentWait.<init>(FluentWait.java:97)
at org.openqa.selenium.support.ui.FluentWait.<init>(FluentWait.java:88)
at utils.CommonActions.sendKeysWebElement(CommonActions.java:70)
at page.AddEmployeeForHrmPage.AddEmployeeActions(AddEmployeeForHrmPage.java:107)
at tests.PimHrmTestcases.AddPageAction(PimHrmTestcases.java:68)
at java.util.concurrent.ThreadPoolExecutor.runWorker(ThreadPoolExecutor.java:1142)
at java.util.concurrent.ThreadPoolExecutor$Worker.run(ThreadPoolExecutor.java:617)
at java.lang.Thread.run(Thread.java:745)
... Removed 10 stack frames]]>
    </failure>
  </testcase> <!-- AddPageAction -->
  <testcase name="scrolling" time="3.002" classname="tests.PimHrmTestcases">
    <failure type="java.lang.NullPointerException">
      <![CDATA[java.lang.NullPointerException
at utils.CommonActions.scrollDown(CommonActions.java:103)
at page.AddEmployeeForHrmPage.scrool(AddEmployeeForHrmPage.java:121)
at tests.PimHrmTestcases.scrolling(PimHrmTestcases.java:76)
at java.util.concurrent.ThreadPoolExecutor.runWorker(ThreadPoolExecutor.java:1142)
at java.util.concurrent.ThreadPoolExecutor$Worker.run(ThreadPoolExecutor.java:617)
at java.lang.Thread.run(Thread.java:745)
... Removed 10 stack frames]]>
    </failure>
  </testcase> <!-- scrolling -->
  <testcase name="DropdownAction" time="0.002" classname="tests.PimHrmTestcases">
    <failure type="java.lang.IllegalArgumentException" message="Input must be set">
      <![CDATA[java.lang.IllegalArgumentException: Input must be set
at org.openqa.selenium.internal.Require.nonNull(Require.java:59)
at org.openqa.selenium.support.ui.FluentWait.<init>(FluentWait.java:97)
at org.openqa.selenium.support.ui.FluentWait.<init>(FluentWait.java:88)
at utils.CommonActions.clickingOnWebElement(CommonActions.java:52)
at page.AddEmployeeForHrmPage.dropdown(AddEmployeeForHrmPage.java:126)
at tests.PimHrmTestcases.DropdownAction(PimHrmTestcases.java:84)
at java.util.concurrent.ThreadPoolExecutor.runWorker(ThreadPoolExecutor.java:1142)
at java.util.concurrent.ThreadPoolExecutor$Worker.run(ThreadPoolExecutor.java:617)
at java.lang.Thread.run(Thread.java:745)
... Removed 10 stack frames]]>
    </failure>
  </testcase> <!-- DropdownAction -->
  <testcase name="SelectData" time="0.003" classname="tests.PimHrmTestcases">
    <failure type="java.lang.IllegalArgumentException" message="Input must be set">
      <![CDATA[java.lang.IllegalArgumentException: Input must be set
at org.openqa.selenium.internal.Require.nonNull(Require.java:59)
at org.openqa.selenium.support.ui.FluentWait.<init>(FluentWait.java:97)
at org.openqa.selenium.support.ui.FluentWait.<init>(FluentWait.java:88)
at utils.CommonActions.clickingOnWebElement(CommonActions.java:52)
at page.AddEmployeeForHrmPage.setData(AddEmployeeForHrmPage.java:145)
at tests.PimHrmTestcases.SelectData(PimHrmTestcases.java:91)
at java.util.concurrent.ThreadPoolExecutor.runWorker(ThreadPoolExecutor.java:1142)
at java.util.concurrent.ThreadPoolExecutor$Worker.run(ThreadPoolExecutor.java:617)
at java.lang.Thread.run(Thread.java:745)
... Removed 10 stack frames]]>
    </failure>
  </testcase> <!-- SelectData -->
  <testcase name="PersonalGenderSmoker" time="0.002" classname="tests.PimHrmTestcases">
    <failure type="java.lang.NullPointerException">
      <![CDATA[java.lang.NullPointerException
at org.openqa.selenium.support.pagefactory.DefaultElementLocator.findElements(DefaultElementLocator.java:87)
at org.openqa.selenium.support.pagefactory.internal.LocatingElementListHandler.invoke(LocatingElementListHandler.java:37)
at com.sun.proxy.$Proxy15.iterator(Unknown Source)
at utils.CommonActions.selectRadioButtonValue(CommonActions.java:170)
at page.AddEmployeeForHrmPage.SelectRadioButton(AddEmployeeForHrmPage.java:152)
at tests.PimHrmTestcases.PersonalGenderSmoker(PimHrmTestcases.java:98)
at java.util.concurrent.ThreadPoolExecutor.runWorker(ThreadPoolExecutor.java:1142)
at java.util.concurrent.ThreadPoolExecutor$Worker.run(ThreadPoolExecutor.java:617)
at java.lang.Thread.run(Thread.java:745)
... Removed 10 stack frames]]>
    </failure>
  </testcase> <!-- PersonalGenderSmoker -->
  <testcase name="quit" time="0.0" classname="tests.PimHrmTestcases">
    <failure type="java.lang.NullPointerException">
      <![CDATA[java.lang.NullPointerException
at utils.CommonActions.tearDown(CommonActions.java:178)
at tests.PimHrmTestcases.quit(PimHrmTestcases.java:118)
at java.util.concurrent.ThreadPoolExecutor.runWorker(ThreadPoolExecutor.java:1142)
at java.util.concurrent.ThreadPoolExecutor$Worker.run(ThreadPoolExecutor.java:617)
at java.lang.Thread.run(Thread.java:745)
... Removed 10 stack frames]]>
    </failure>
  </testcase> <!-- quit -->
</testsuite> <!-- Test -->
